<?xml version="1.0" encoding="UTF-8"?>
<!-- Generated by org.testng.reporters.JUnitXMLReporter -->
<testsuite ignored="0" hostname="Aravinds-MacBook-Pro.local" failures="0" tests="2" name="Default test" time="333.632" errors="0" timestamp="2025-03-25T09:31:45 IST">
  <testcase classname="Group_Package.My_Project.Signin_add_product_to_Cart" name="Signin_to_the_application" time="157.635"/>
  <testcase classname="Group_Package.My_Project.Signin_add_product_to_Cart" name="search_and_add_product_to_cart" time="165.987"/>
</testsuite> <!-- Default test -->
