<?xml version="1.0" encoding="UTF-8"?>
<!-- Generated by org.testng.reporters.JUnitXMLReporter -->
<testsuite ignored="0" hostname="Aravinds-MacBook-Pro.local" failures="0" tests="5" name="Test" time="0.133" errors="0" timestamp="2025-03-12T10:10:55 IST">
  <testcase classname="checking.start" name="you2" time="0.023"/>
  <testcase classname="checking.start" name="you1" time="0.004"/>
  <testcase classname="checking.start" name="you1" time="0.004"/>
  <testcase classname="checking.start" name="you3" time="0.005"/>
  <testcase classname="checking.start" name="you3" time="0.004"/>
</testsuite> <!-- Test -->
