<?xml version="1.0" encoding="UTF-8"?>
<testng-results ignored="0" total="2" passed="2" failed="0" skipped="0">
  <reporter-output>
  </reporter-output>
  <suite started-at="2025-03-25T09:26:11 IST" name="Default suite" finished-at="2025-03-25T09:31:45 IST" duration-ms="333632">
    <groups>
    </groups>
    <test started-at="2025-03-25T09:26:11 IST" name="Default test" finished-at="2025-03-25T09:31:45 IST" duration-ms="333632">
      <class name="Group_Package.My_Project.Signin_add_product_to_Cart">
        <test-method is-config="true" signature="selecting_Browser()[pri:0, instance:Group_Package.My_Project.Signin_add_product_to_Cart@5d5f10b2]" started-at="2025-03-25T09:26:11 IST" name="selecting_Browser" finished-at="2025-03-25T09:26:21 IST" duration-ms="9908" status="PASS">
          <reporter-output>
          </reporter-output>
        </test-method> <!-- selecting_Browser -->
        <test-method signature="Signin_to_the_application()[pri:0, instance:Group_Package.My_Project.Signin_add_product_to_Cart@5d5f10b2]" started-at="2025-03-25T09:26:21 IST" name="Signin_to_the_application" finished-at="2025-03-25T09:28:59 IST" duration-ms="157635" status="PASS">
          <reporter-output>
          </reporter-output>
        </test-method> <!-- Signin_to_the_application -->
        <test-method signature="search_and_add_product_to_cart()[pri:0, instance:Group_Package.My_Project.Signin_add_product_to_Cart@5d5f10b2]" started-at="2025-03-25T09:28:59 IST" name="search_and_add_product_to_cart" finished-at="2025-03-25T09:31:45 IST" depends-on-methods="Group_Package.My_Project.Signin_add_product_to_Cart.Signin_to_the_application" duration-ms="165987" status="PASS">
          <reporter-output>
          </reporter-output>
        </test-method> <!-- search_and_add_product_to_cart -->
      </class> <!-- Group_Package.My_Project.Signin_add_product_to_Cart -->
    </test> <!-- Default test -->
  </suite> <!-- Default suite -->
</testng-results>
