<?xml version="1.0" encoding="UTF-8"?>
<testng-results ignored="1" total="3" passed="2" failed="0" skipped="0">
  <reporter-output>
  </reporter-output>
  <suite started-at="2025-03-26T23:54:47 IST" name="Default suite" finished-at="2025-03-26T23:58:27 IST" duration-ms="219260">
    <groups>
    </groups>
    <test started-at="2025-03-26T23:54:47 IST" name="Default test" finished-at="2025-03-26T23:58:27 IST" duration-ms="219260">
      <class name="Group_Package.My_Project.Verifying_elements_in_cart">
        <test-method is-config="true" signature="Initilizer()[pri:0, instance:Group_Package.My_Project.Verifying_elements_in_cart@74c79fa2]" started-at="2025-03-26T23:54:48 IST" name="Initilizer" finished-at="2025-03-26T23:55:00 IST" duration-ms="12487" status="PASS">
          <reporter-output>
          </reporter-output>
        </test-method> <!-- Initilizer -->
        <test-method signature="Signin_to_the_application()[pri:0, instance:Group_Package.My_Project.Verifying_elements_in_cart@74c79fa2]" started-at="2025-03-26T23:55:00 IST" name="Signin_to_the_application" finished-at="2025-03-26T23:57:25 IST" duration-ms="145068" status="PASS">
          <reporter-output>
          </reporter-output>
        </test-method> <!-- Signin_to_the_application -->
        <test-method signature="reducing_the_item_count()[pri:2, instance:Group_Package.My_Project.Verifying_elements_in_cart@74c79fa2]" started-at="2025-03-26T23:57:25 IST" name="reducing_the_item_count" finished-at="2025-03-26T23:58:27 IST" depends-on-methods="Group_Package.My_Project.Verifying_elements_in_cart.Signin_to_the_application" duration-ms="61548" status="PASS">
          <reporter-output>
          </reporter-output>
        </test-method> <!-- reducing_the_item_count -->
      </class> <!-- Group_Package.My_Project.Verifying_elements_in_cart -->
    </test> <!-- Default test -->
  </suite> <!-- Default suite -->
</testng-results>
