<?xml version="1.0" encoding="UTF-8"?>
<testng-results ignored="0" total="5" passed="5" failed="0" skipped="0">
  <reporter-output>
  </reporter-output>
  <suite started-at="2025-03-29T18:49:52 IST" name="Default suite" finished-at="2025-03-29T18:49:53 IST" duration-ms="128">
    <groups>
      <group name="regression">
        <method signature="start.you2()[pri:49, instance:checking.start@35d019a3]" name="you2" class="checking.start"/>
      </group> <!-- regression -->
    </groups>
    <test started-at="2025-03-29T18:49:52 IST" name="Default test" finished-at="2025-03-29T18:49:53 IST" duration-ms="128">
      <class name="checking.start">
        <test-method signature="you2()[pri:49, instance:checking.start@35d019a3]" started-at="2025-03-29T18:49:53 IST" name="you2" finished-at="2025-03-29T18:49:53 IST" duration-ms="24" status="PASS">
          <reporter-output>
          </reporter-output>
        </test-method> <!-- you2 -->
        <test-method signature="you1(java.lang.Object)[pri:50, instance:checking.start@35d019a3]" started-at="2025-03-29T18:49:53 IST" name="you1" data-provider="data" finished-at="2025-03-29T18:49:53 IST" duration-ms="4" status="PASS">
          <params>
            <param index="0">
              <value>
                <![CDATA[1]]>
              </value>
            </param>
          </params>
          <reporter-output>
          </reporter-output>
        </test-method> <!-- you1 -->
        <test-method signature="you1(java.lang.Object)[pri:50, instance:checking.start@35d019a3]" started-at="2025-03-29T18:49:53 IST" name="you1" data-provider="data" finished-at="2025-03-29T18:49:53 IST" duration-ms="3" status="PASS">
          <params>
            <param index="0">
              <value>
                <![CDATA[word]]>
              </value>
            </param>
          </params>
          <reporter-output>
          </reporter-output>
        </test-method> <!-- you1 -->
        <test-method signature="you3(java.lang.Integer,java.lang.String)[pri:48, instance:checking.start@35d019a3]" started-at="2025-03-29T18:49:53 IST" name="you3" data-provider="test_dataProvider" finished-at="2025-03-29T18:49:53 IST" depends-on-methods="checking.start.you1" duration-ms="5" status="PASS">
          <params>
            <param index="0">
              <value>
                <![CDATA[3]]>
              </value>
            </param>
            <param index="1">
              <value>
                <![CDATA[String]]>
              </value>
            </param>
          </params>
          <reporter-output>
          </reporter-output>
        </test-method> <!-- you3 -->
        <test-method signature="you3(java.lang.Integer,java.lang.String)[pri:48, instance:checking.start@35d019a3]" started-at="2025-03-29T18:49:53 IST" name="you3" data-provider="test_dataProvider" finished-at="2025-03-29T18:49:53 IST" depends-on-methods="checking.start.you1" duration-ms="2" status="PASS">
          <params>
            <param index="0">
              <value>
                <![CDATA[4]]>
              </value>
            </param>
            <param index="1">
              <value>
                <![CDATA[Integer]]>
              </value>
            </param>
          </params>
          <reporter-output>
          </reporter-output>
        </test-method> <!-- you3 -->
      </class> <!-- checking.start -->
    </test> <!-- Default test -->
  </suite> <!-- Default suite -->
</testng-results>
