<?xml version="1.0" encoding="UTF-8"?>
<testng-results ignored="0" total="3" passed="2" failed="1" skipped="0">
  <reporter-output>
  </reporter-output>
  <suite started-at="2025-04-03T02:49:25 IST" name="Default suite" finished-at="2025-04-03T02:54:47 IST" duration-ms="322164">
    <groups>
    </groups>
    <test started-at="2025-04-03T02:49:25 IST" name="Default test" finished-at="2025-04-03T02:54:47 IST" duration-ms="322164">
      <class name="Group_Package.My_Project.Applying_coupan">
        <test-method is-config="true" signature="selecting_Browser()[pri:0, instance:Group_Package.My_Project.Applying_coupan@3ed242a4]" started-at="2025-04-03T02:49:25 IST" name="selecting_Browser" finished-at="2025-04-03T02:49:32 IST" duration-ms="6823" status="PASS">
          <reporter-output>
          </reporter-output>
        </test-method> <!-- selecting_Browser -->
        <test-method signature="Signin_to_the_application()[pri:0, instance:Group_Package.My_Project.Applying_coupan@3ed242a4]" started-at="2025-04-03T02:49:32 IST" name="Signin_to_the_application" finished-at="2025-04-03T02:51:02 IST" duration-ms="90565" status="PASS">
          <reporter-output>
          </reporter-output>
        </test-method> <!-- Signin_to_the_application -->
        <test-method signature="search_for_the_product()[pri:0, instance:Group_Package.My_Project.Applying_coupan@3ed242a4]" started-at="2025-04-03T02:51:02 IST" name="search_for_the_product" finished-at="2025-04-03T02:53:18 IST" depends-on-methods="Group_Package.My_Project.Applying_coupan.Signin_to_the_application" duration-ms="135520" status="PASS">
          <reporter-output>
          </reporter-output>
        </test-method> <!-- search_for_the_product -->
        <test-method signature="get_the_offers_available()[pri:0, instance:Group_Package.My_Project.Applying_coupan@3ed242a4]" started-at="2025-04-03T02:53:18 IST" name="get_the_offers_available" finished-at="2025-04-03T02:54:47 IST" depends-on-methods="Group_Package.My_Project.Applying_coupan.search_for_the_product" duration-ms="89068" status="FAIL">
          <exception class="org.openqa.selenium.ElementClickInterceptedException">
            <message>
              <![CDATA[element click intercepted: Element <a href="#" data-csa-c-slot-id="add-new-address-non-mobile-tango-sasp-zero-address" data-csa-c-type="button" class="a-button-text a-declarative" data-csa-c-id="2si6eb-5ia8i8-heiwmo-z0icey">...</a> is not clickable at point (294, 146). Other element would receive the click: <div class="a-modal-scroller a-declarative" data-action="a-popover-floating-close" style="padding-bottom: 1px; visibility: visible;">...</div>
  (Session info: chrome=134.0.6998.166)
Build info: version: '4.30.0', revision: '509c7f17cc*'
System info: os.name: 'Mac OS X', os.arch: 'x86_64', os.version: '15.3.2', java.version: '23.0.2'
Driver info: org.openqa.selenium.chrome.ChromeDriver
Command: [6bd5029f39ec4aac82408e7749be23ca, clickElement {id=f.1843A59189C39EF54211C8D75AF4295B.d.3DE41BDF0795134CD249B97614328087.e.106}]
Capabilities {acceptInsecureCerts: false, browserName: chrome, browserVersion: 134.0.6998.166, chrome: {chromedriverVersion: 134.0.6998.165 (fd886e2cb29..., userDataDir: /var/folders/94/_bxj2m4s737...}, fedcm:accounts: true, goog:chromeOptions: {debuggerAddress: localhost:55395}, networkConnectionEnabled: false, pageLoadStrategy: normal, platformName: mac, proxy: Proxy(), se:cdp: ws://localhost:55395/devtoo..., se:cdpVersion: 134.0.6998.166, setWindowRect: true, strictFileInteractability: false, timeouts: {implicit: 0, pageLoad: 300000, script: 30000}, unhandledPromptBehavior: dismiss and notify, webauthn:extension:credBlob: true, webauthn:extension:largeBlob: true, webauthn:extension:minPinLength: true, webauthn:extension:prf: true, webauthn:virtualAuthenticators: true}
Element: [[ChromeDriver: chrome on mac (6bd5029f39ec4aac82408e7749be23ca)] -> xpath: //*[@id="add-new-address-desktop-sasp-tango-link"]/span/a]
Session ID: 6bd5029f39ec4aac82408e7749be23ca]]>
            </message>
            <full-stacktrace>
              <![CDATA[org.openqa.selenium.ElementClickInterceptedException: element click intercepted: Element <a href="#" data-csa-c-slot-id="add-new-address-non-mobile-tango-sasp-zero-address" data-csa-c-type="button" class="a-button-text a-declarative" data-csa-c-id="2si6eb-5ia8i8-heiwmo-z0icey">...</a> is not clickable at point (294, 146). Other element would receive the click: <div class="a-modal-scroller a-declarative" data-action="a-popover-floating-close" style="padding-bottom: 1px; visibility: visible;">...</div>
  (Session info: chrome=134.0.6998.166)
Build info: version: '4.30.0', revision: '509c7f17cc*'
System info: os.name: 'Mac OS X', os.arch: 'x86_64', os.version: '15.3.2', java.version: '23.0.2'
Driver info: org.openqa.selenium.chrome.ChromeDriver
Command: [6bd5029f39ec4aac82408e7749be23ca, clickElement {id=f.1843A59189C39EF54211C8D75AF4295B.d.3DE41BDF0795134CD249B97614328087.e.106}]
Capabilities {acceptInsecureCerts: false, browserName: chrome, browserVersion: 134.0.6998.166, chrome: {chromedriverVersion: 134.0.6998.165 (fd886e2cb29..., userDataDir: /var/folders/94/_bxj2m4s737...}, fedcm:accounts: true, goog:chromeOptions: {debuggerAddress: localhost:55395}, networkConnectionEnabled: false, pageLoadStrategy: normal, platformName: mac, proxy: Proxy(), se:cdp: ws://localhost:55395/devtoo..., se:cdpVersion: 134.0.6998.166, setWindowRect: true, strictFileInteractability: false, timeouts: {implicit: 0, pageLoad: 300000, script: 30000}, unhandledPromptBehavior: dismiss and notify, webauthn:extension:credBlob: true, webauthn:extension:largeBlob: true, webauthn:extension:minPinLength: true, webauthn:extension:prf: true, webauthn:virtualAuthenticators: true}
Element: [[ChromeDriver: chrome on mac (6bd5029f39ec4aac82408e7749be23ca)] -> xpath: //*[@id="add-new-address-desktop-sasp-tango-link"]/span/a]
Session ID: 6bd5029f39ec4aac82408e7749be23ca
at java.base/jdk.internal.reflect.DirectConstructorHandleAccessor.newInstance(DirectConstructorHandleAccessor.java:62)
at java.base/java.lang.reflect.Constructor.newInstanceWithCaller(Constructor.java:501)
at java.base/java.lang.reflect.Constructor.newInstance(Constructor.java:485)
at org.openqa.selenium.remote.ErrorCodec.decode(ErrorCodec.java:167)
at org.openqa.selenium.remote.codec.w3c.W3CHttpResponseCodec.decode(W3CHttpResponseCodec.java:138)
at org.openqa.selenium.remote.codec.w3c.W3CHttpResponseCodec.decode(W3CHttpResponseCodec.java:50)
at org.openqa.selenium.remote.HttpCommandExecutor.execute(HttpCommandExecutor.java:215)
at org.openqa.selenium.remote.service.DriverCommandExecutor.invokeExecute(DriverCommandExecutor.java:216)
at org.openqa.selenium.remote.service.DriverCommandExecutor.execute(DriverCommandExecutor.java:174)
at org.openqa.selenium.remote.RemoteWebDriver.execute(RemoteWebDriver.java:545)
at org.openqa.selenium.remote.RemoteWebElement.execute(RemoteWebElement.java:223)
at org.openqa.selenium.remote.RemoteWebElement.click(RemoteWebElement.java:76)
at java.base/jdk.internal.reflect.DirectMethodHandleAccessor.invoke(DirectMethodHandleAccessor.java:103)
at java.base/java.lang.reflect.Method.invoke(Method.java:580)
at org.openqa.selenium.support.pagefactory.internal.LocatingElementHandler.invoke(LocatingElementHandler.java:51)
at jdk.proxy2/jdk.proxy2.$Proxy27.click(Unknown Source)
at pages.add_address_page.click_on_add_address(add_address_page.java:51)
at Group_Package.My_Project.Applying_coupan.get_the_offers_available(Applying_coupan.java:95)
at java.base/jdk.internal.reflect.DirectMethodHandleAccessor.invoke(DirectMethodHandleAccessor.java:103)
at java.base/java.lang.reflect.Method.invoke(Method.java:580)
at org.testng.internal.invokers.MethodInvocationHelper.invokeMethod(MethodInvocationHelper.java:141)
at org.testng.internal.invokers.TestInvoker.invokeMethod(TestInvoker.java:687)
at org.testng.internal.invokers.TestInvoker.invokeTestMethod(TestInvoker.java:230)
at org.testng.internal.invokers.MethodRunner.runInSequence(MethodRunner.java:63)
at org.testng.internal.invokers.TestInvoker$MethodInvocationAgent.invoke(TestInvoker.java:995)
at org.testng.internal.invokers.TestInvoker.invokeTestMethods(TestInvoker.java:203)
at org.testng.internal.invokers.TestMethodWorker.invokeTestMethods(TestMethodWorker.java:154)
at org.testng.internal.invokers.TestMethodWorker.run(TestMethodWorker.java:134)
at java.base/java.util.ArrayList.forEach(ArrayList.java:1597)
at org.testng.TestRunner.privateRun(TestRunner.java:741)
at org.testng.TestRunner.run(TestRunner.java:616)
at org.testng.SuiteRunner.runTest(SuiteRunner.java:421)
at org.testng.SuiteRunner.runSequentially(SuiteRunner.java:413)
at org.testng.SuiteRunner.privateRun(SuiteRunner.java:373)
at org.testng.SuiteRunner.run(SuiteRunner.java:312)
at org.testng.SuiteRunnerWorker.runSuite(SuiteRunnerWorker.java:52)
at org.testng.SuiteRunnerWorker.run(SuiteRunnerWorker.java:95)
at org.testng.TestNG.runSuitesSequentially(TestNG.java:1274)
at org.testng.TestNG.runSuitesLocally(TestNG.java:1208)
at org.testng.TestNG.runSuites(TestNG.java:1112)
at org.testng.TestNG.run(TestNG.java:1079)
at org.testng.remote.AbstractRemoteTestNG.run(AbstractRemoteTestNG.java:115)
at org.testng.remote.RemoteTestNG.initAndRun(RemoteTestNG.java:293)
at org.testng.remote.RemoteTestNG.main(RemoteTestNG.java:91)
]]>
            </full-stacktrace>
          </exception> <!-- org.openqa.selenium.ElementClickInterceptedException -->
          <reporter-output>
          </reporter-output>
        </test-method> <!-- get_the_offers_available -->
      </class> <!-- Group_Package.My_Project.Applying_coupan -->
    </test> <!-- Default test -->
  </suite> <!-- Default suite -->
</testng-results>
