<?xml version="1.0" encoding="UTF-8"?>
<testng-results ignored="0" total="2" passed="2" failed="0" skipped="0">
  <reporter-output>
  </reporter-output>
  <suite started-at="2025-03-24T23:24:57 IST" name="Default suite" finished-at="2025-03-24T23:31:10 IST" duration-ms="373348">
    <groups>
    </groups>
    <test started-at="2025-03-24T23:24:57 IST" name="Default test" finished-at="2025-03-24T23:31:10 IST" duration-ms="373348">
      <class name="Group_Package.My_Project.Signin_add_product_to_Cart">
        <test-method is-config="true" signature="selecting_Browser()[pri:0, instance:Group_Package.My_Project.Signin_add_product_to_Cart@5023bb8b]" started-at="2025-03-24T23:24:57 IST" name="selecting_Browser" finished-at="2025-03-24T23:25:07 IST" duration-ms="10358" status="PASS">
          <reporter-output>
          </reporter-output>
        </test-method> <!-- selecting_Browser -->
        <test-method signature="Signin_to_the_application()[pri:0, instance:Group_Package.My_Project.Signin_add_product_to_Cart@5023bb8b]" started-at="2025-03-24T23:25:07 IST" name="Signin_to_the_application" finished-at="2025-03-24T23:27:52 IST" duration-ms="164520" status="PASS">
          <reporter-output>
          </reporter-output>
        </test-method> <!-- Signin_to_the_application -->
        <test-method signature="search_and_add_product_to_cart()[pri:0, instance:Group_Package.My_Project.Signin_add_product_to_Cart@5023bb8b]" started-at="2025-03-24T23:27:52 IST" name="search_and_add_product_to_cart" finished-at="2025-03-24T23:31:10 IST" depends-on-methods="Group_Package.My_Project.Signin_add_product_to_Cart.Signin_to_the_application" duration-ms="198343" status="PASS">
          <reporter-output>
          </reporter-output>
        </test-method> <!-- search_and_add_product_to_cart -->
      </class> <!-- Group_Package.My_Project.Signin_add_product_to_Cart -->
    </test> <!-- Default test -->
  </suite> <!-- Default suite -->
</testng-results>
